saved a secondary point None
saved a secondary point None
saved a secondary point None
saved a secondary point None
saved a secondary point None
saved a secondary point None
saved a secondary point None
saved a secondary point None
saved a secondary point None
saved a secondary point None
saved a secondary point None
saved a secondary point None
saved a secondary point None
saved a secondary point None
saved a secondary point None
saved a secondary point None
saved a secondary point None
saved a secondary point None
saved a secondary point None
saved a secondary point None
saved a secondary point None
saved a secondary point None
saved a secondary point None
saved a secondary point None
saved a secondary point None
saved a secondary point None
saved a secondary point None
saved a secondary point None
saved a secondary point None
saved a secondary point None
saved a secondary point None
saved a secondary point None
saved a secondary point None
saved a secondary point None
saved a secondary point None
saved a secondary point None
Threshold calc = 2.00(point visitations) / 83.00 (total) for Huopalahdentie 13, Helsinki
Threshold equation 0.02 (value) >= 0.15 (threshold) for Huopalahdentie 13, Helsinki
Threshold calc = 5.00(point visitations) / 83.00 (total) for Konemiehentie 2, Espoo
Threshold equation 0.06 (value) >= 0.15 (threshold) for Konemiehentie 2, Espoo
Threshold calc = 1.00(point visitations) / 83.00 (total) for Topeliuksenkatu 13, Helsinki
Threshold equation 0.01 (value) >= 0.15 (threshold) for Topeliuksenkatu 13, Helsinki
Threshold calc = 4.00(point visitations) / 83.00 (total) for Otaniementie 13, Espoo
Threshold equation 0.05 (value) >= 0.15 (threshold) for Otaniementie 13, Espoo
Threshold calc = 1.00(point visitations) / 83.00 (total) for Esterinportti 1, Helsinki
Threshold equation 0.01 (value) >= 0.15 (threshold) for Esterinportti 1, Helsinki
Threshold calc = 4.00(point visitations) / 83.00 (total) for Huopalahdentie 16, Helsinki
Threshold equation 0.05 (value) >= 0.15 (threshold) for Huopalahdentie 16, Helsinki
Threshold calc = 1.00(point visitations) / 83.00 (total) for Ramsaynranta 5, Helsinki
Threshold equation 0.01 (value) >= 0.15 (threshold) for Ramsaynranta 5, Helsinki
Threshold calc = 3.00(point visitations) / 83.00 (total) for Lintulahdenaukio 3, Helsinki
Threshold equation 0.04 (value) >= 0.15 (threshold) for Lintulahdenaukio 3, Helsinki
Threshold calc = 2.00(point visitations) / 83.00 (total) for Lintulahdenaukio 16, Helsinki
Threshold equation 0.02 (value) >= 0.15 (threshold) for Lintulahdenaukio 16, Helsinki
Threshold calc = 1.00(point visitations) / 83.00 (total) for Tilkanvierto 6, Helsinki
Threshold equation 0.01 (value) >= 0.15 (threshold) for Tilkanvierto 6, Helsinki
Threshold calc = 2.00(point visitations) / 83.00 (total) for Lintulahdenkatu 10, Helsinki
Threshold equation 0.02 (value) >= 0.15 (threshold) for Lintulahdenkatu 10, Helsinki
Threshold calc = 1.00(point visitations) / 83.00 (total) for Humalistonkatu 12, Helsinki
Threshold equation 0.01 (value) >= 0.15 (threshold) for Humalistonkatu 12, Helsinki
Threshold calc = 1.00(point visitations) / 83.00 (total) for Huopalahdentie 9, Helsinki
Threshold equation 0.01 (value) >= 0.15 (threshold) for Huopalahdentie 9, Helsinki
Threshold calc = 1.00(point visitations) / 83.00 (total) for M\u00e4kitorpantie 1, Helsinki
Threshold equation 0.01 (value) >= 0.15 (threshold) for M\u00e4kitorpantie 1, Helsinki
Threshold calc = 1.00(point visitations) / 83.00 (total) for Servinkuja 6, Espoo
Threshold equation 0.01 (value) >= 0.15 (threshold) for Servinkuja 6, Espoo
Threshold calc = 1.00(point visitations) / 83.00 (total) for Sibeliuksenkatu 10, Helsinki
Threshold equation 0.01 (value) >= 0.15 (threshold) for Sibeliuksenkatu 10, Helsinki
Threshold calc = 1.00(point visitations) / 83.00 (total) for Munkinpolku 15, Helsinki
Threshold equation 0.01 (value) >= 0.15 (threshold) for Munkinpolku 15, Helsinki
Threshold calc = 1.00(point visitations) / 83.00 (total) for Lokkalantie 10, Helsinki
Threshold equation 0.01 (value) >= 0.15 (threshold) for Lokkalantie 10, Helsinki
Threshold calc = 1.00(point visitations) / 83.00 (total) for Huopalahdentie 1, Helsinki
Threshold equation 0.01 (value) >= 0.15 (threshold) for Huopalahdentie 1, Helsinki
Threshold calc = 1.00(point visitations) / 83.00 (total) for Lintulahdenkatu 6, Helsinki
Threshold equation 0.01 (value) >= 0.15 (threshold) for Lintulahdenkatu 6, Helsinki
Threshold calc = 2.00(point visitations) / 83.00 (total) for Huopalahdentie 18, Helsinki
Threshold equation 0.02 (value) >= 0.15 (threshold) for Huopalahdentie 18, Helsinki
Threshold calc = 1.00(point visitations) / 83.00 (total) for Otakaari 12, Espoo
Threshold equation 0.01 (value) >= 0.15 (threshold) for Otakaari 12, Espoo
Threshold calc = 1.00(point visitations) / 83.00 (total) for Eino Leinon katu 7, Helsinki
Threshold equation 0.01 (value) >= 0.15 (threshold) for Eino Leinon katu 7, Helsinki
Threshold calc = 1.00(point visitations) / 83.00 (total) for Lintulahdenkuja 8, Helsinki
Threshold equation 0.01 (value) >= 0.15 (threshold) for Lintulahdenkuja 8, Helsinki
Threshold calc = 1.00(point visitations) / 83.00 (total) for Vilhonvuorenkuja 17, Helsinki
Threshold equation 0.01 (value) >= 0.15 (threshold) for Vilhonvuorenkuja 17, Helsinki
Threshold calc = 1.00(point visitations) / 83.00 (total) for Vilhonvuorenkatu 10, Helsinki
Threshold equation 0.01 (value) >= 0.15 (threshold) for Vilhonvuorenkatu 10, Helsinki
Threshold calc = 1.00(point visitations) / 83.00 (total) for Lintulahdenaukio 7, Helsinki
Threshold equation 0.01 (value) >= 0.15 (threshold) for Lintulahdenaukio 7, Helsinki
Threshold calc = 24.00(point visitations) / 83.00 (total) for Huopalahdentie 14, Helsinki
Threshold equation 0.29 (value) >= 0.15 (threshold) for Huopalahdentie 14, Helsinki
[(u'24.8829495,60.1999428', 1), (u'24.8829632,60.1999539', 1), (u'24.8829488,60.1999571', 1), (u'24.8829293,60.1999123', 1), (u'24.8829485,60.1999579', 1), (u'24.8828393,60.1999462', 1), (u'24.8829607,60.1999395', 1), (u'24.8829897,60.2000298', 1), (u'24.8829864,60.1999415', 1), (u'24.8824243,60.1998629', 1), (u'24.8826092,60.1998938', 1), (u'24.8829942,60.1998443', 1), (u'24.8827268,60.1999947', 1), (u'24.8826811,60.199753', 1), (u'24.8827969,60.1999634', 1), (u'24.8830101,60.1999102', 1), (u'24.8829948,60.1999215', 1), (u'24.8831353,60.199909', 1), (u'24.8830167,60.1999446', 1), (u'24.8829841,60.1999334', 1), (u'24.8827304,60.1999246', 1), (u'24.8829363,60.1999354', 1), (u'24.8827659,60.1999064', 1), (u'24.8825821,60.1999134', 1)]
saved as a primary point Huopalahdentie 14, Helsinki ([u'24.8827268,60.1999947', u'24.8827659,60.1999064', u'24.8829948,60.1999215', u'24.8830101,60.1999102', u'24.8829841,60.1999334', u'24.8829942,60.1998443', u'24.8827969,60.1999634', u'24.8831353,60.199909', u'24.8829363,60.1999354', u'24.8829864,60.1999415', u'24.8829607,60.1999395', u'24.8829495,60.1999428', u'24.8830167,60.1999446', u'24.8829293,60.1999123', u'24.8829632,60.1999539', u'24.8825821,60.1999134', u'24.8829488,60.1999571', u'24.8827304,60.1999246', u'24.8829485,60.1999579', u'24.8828393,60.1999462', u'24.8829897,60.2000298', u'24.8826811,60.199753', u'24.8826092,60.1998938', u'24.8824243,60.1998629']), 24

Threshold calc = 4.00(point visitations) / 83.00 (total) for Lintulahdenkuja 10, Helsinki
Threshold equation 0.05 (value) >= 0.15 (threshold) for Lintulahdenkuja 10, Helsinki
Threshold calc = 4.00(point visitations) / 83.00 (total) for Lintulahdenkuja 9, Helsinki
Threshold equation 0.05 (value) >= 0.15 (threshold) for Lintulahdenkuja 9, Helsinki
Threshold calc = 8.00(point visitations) / 83.00 (total) for Lokkalantie 5, Helsinki
Threshold equation 0.10 (value) >= 0.15 (threshold) for Lokkalantie 5, Helsinki
Saved analysis info secondary points 1, primary points 38
Stored primary points of interest
Starting trip json analysis
time=0, km=39.23818, speed=0.00
saved  

time=0, km=10.68166, speed=0.00
saved  

time=0:35:07, km=10.36403, speed=17.71
saved 0:35:07 

time=0:28:33, km=5.57766, speed=11.72
saved 0:28:33 

time=1:17:39, km=5.02418, speed=3.88
saved 1:17:39 

time=1:16:03, km=21.26426, speed=16.78
saved 1:16:03 

time=2:36:56, km=9.27615, speed=3.55
saved 2:36:56 

time=4:36:14, km=8.40806, speed=1.83
saved 4:36:14 

time=1:04:17, km=5.64257, speed=5.27
saved 1:04:17 

time=2:52:11, km=12.51560, speed=4.36
saved 2:52:11 

time=1:06:02, km=5.92659, speed=5.39
saved 1:06:02 

time=0:14:16, km=4.78845, speed=20.14
saved 0:14:16 

time=3:05:25, km=12.49316, speed=4.04
saved 3:05:25 

time=1:19:17, km=8.62532, speed=6.53
saved 1:19:17 

time=4:54:56, km=26.28566, speed=5.35
saved 4:54:56 

time=1:57:09, km=7.50461, speed=3.84
saved 1:57:09 

time=1:30:33, km=12.38188, speed=8.20
saved 1:30:33 

Coordinates to start 24.9212755,60.1961524 and end 24.923993,60.1919417
20140419
0449
http://api.reittiopas.fi/hsl/prod/?change_margin=1.0&epsg_in=wgs84&user=tripchaingame&pass=nuy0Fuqu&date=20140419&walk_cost=10.0&from=24.9212755%2C60.1961524&request=route&to=24.923993%2C60.1919417&time=0449&epsg_out=wgs84
[[{u'duration': 720, u'length': 525.878, u'legs': [{u'duration': 450.78, u'locs': [{u'arrTime': u'201404190449', u'name': None, u'coord': {u'y': 60.196152093219, u'x': 24.921276312536}, u'depTime': u'201404190449'}, {u'arrTime': u'201404190449', u'name': None, u'coord': {u'y': 60.195840762687, u'x': 24.922032016692}, u'depTime': u'201404190449'}, {u'arrTime': u'201404190453', u'name': u'Nordenski\xf6ldinpolku', u'coord': {u'y': 60.193430298672, u'x': 24.922350224214}, u'depTime': u'201404190453'}, {u'arrTime': u'201404190455', u'name': u'Auroransilta', u'coord': {u'y': 60.192418152623, u'x': 24.923590942602}, u'depTime': u'201404190455'}, {u'arrTime': u'201404190456', u'name': None, u'coord': {u'y': 60.191941427121, u'x': 24.923992171107}, u'depTime': u'201404190501'}], u'length': 525, u'type': u'walk'}]}], [{u'duration': 720, u'length': 525.878, u'legs': [{u'duration': 450.78, u'locs': [{u'arrTime': u'201404190450', u'name': None, u'coord': {u'y': 60.196152093219, u'x': 24.921276312536}, u'depTime': u'201404190450'}, {u'arrTime': u'201404190450', u'name': None, u'coord': {u'y': 60.195840762687, u'x': 24.922032016692}, u'depTime': u'201404190450'}, {u'arrTime': u'201404190454', u'name': u'Nordenski\xf6ldinpolku', u'coord': {u'y': 60.193430298672, u'x': 24.922350224214}, u'depTime': u'201404190454'}, {u'arrTime': u'201404190456', u'name': u'Auroransilta', u'coord': {u'y': 60.192418152623, u'x': 24.923590942602}, u'depTime': u'201404190456'}, {u'arrTime': u'201404190457', u'name': None, u'coord': {u'y': 60.191941427121, u'x': 24.923992171107}, u'depTime': u'201404190502'}], u'length': 525, u'type': u'walk'}]}], [{u'duration': 720, u'length': 525.878, u'legs': [{u'duration': 450.78, u'locs': [{u'arrTime': u'201404190451', u'name': None, u'coord': {u'y': 60.196152093219, u'x': 24.921276312536}, u'depTime': u'201404190451'}, {u'arrTime': u'201404190451', u'name': None, u'coord': {u'y': 60.195840762687, u'x': 24.922032016692}, u'depTime': u'201404190451'}, {u'arrTime': u'201404190455', u'name': u'Nordenski\xf6ldinpolku', u'coord': {u'y': 60.193430298672, u'x': 24.922350224214}, u'depTime': u'201404190455'}, {u'arrTime': u'201404190457', u'name': u'Auroransilta', u'coord': {u'y': 60.192418152623, u'x': 24.923590942602}, u'depTime': u'201404190457'}, {u'arrTime': u'201404190458', u'name': None, u'coord': {u'y': 60.191941427121, u'x': 24.923992171107}, u'depTime': u'201404190503'}], u'length': 525, u'type': u'walk'}]}]]
Coordinates to start 24.9355986,60.187899 and end 24.9468589,60.1805686
20140419
0449
http://api.reittiopas.fi/hsl/prod/?change_margin=1.0&epsg_in=wgs84&user=tripchaingame&pass=nuy0Fuqu&date=20140419&walk_cost=10.0&from=24.9355986%2C60.187899&request=route&to=24.9468589%2C60.1805686&time=0449&epsg_out=wgs84
[[{u'duration': 1020, u'length': 3187.308, u'legs': [{u'duration': 471.6, u'locs': [{u'arrTime': u'201404190458', u'name': None, u'coord': {u'y': 60.187898971867, u'x': 24.935598207355}, u'depTime': u'201404190458'}, {u'arrTime': u'201404190459', u'name': None, u'coord': {u'y': 60.188173930964, u'x': 24.93631980888}, u'depTime': u'201404190459'}, {u'arrTime': u'201404190459', u'name': u'Tivolitie', u'coord': {u'y': 60.18811714597, u'x': 24.93648041506}, u'depTime': u'201404190459'}, {u'arrTime': u'201404190501', u'name': u'Tivolitie', u'coord': {u'y': 60.188941479928, u'x': 24.938210870349}, u'depTime': u'201404190501'}, {u'arrTime': u'201404190505', u'name': None, u'coord': {u'y': 60.191083539741, u'x': 24.941450024386}, u'depTime': u'201404190505'}, {u'arrTime': u'201404190505', u'name': u'Viipurinkatu', u'coord': {u'y': 60.191112956116, u'x': 24.941099351849}, u'depTime': u'201404190505'}, {u'code': u'1122114', u'name': u'Alppila', u'coord': {u'y': 60.191075448695, u'x': 24.940692685323}, u'depTime': u'201404190506', u'stopAddress': u'Viipurinkatu 20', u'arrTime': u'201404190506', u'shortCode': u'0634'}], u'length': 571, u'type': u'walk'}, {u'duration': 300, u'locs': [{u'code': u'1122114', u'name': u'Alppila', u'coord': {u'y': 60.191075448695, u'x': 24.940692685323}, u'depTime': u'201404190506', u'stopAddress': u'Viipurinkatu 20', u'arrTime': u'201404190506', u'shortCode': u'0634'}, {u'code': u'1122135', u'name': u'Porvoonkatu', u'coord': {u'y': 60.189522905991, u'x': 24.946957215073}, u'depTime': u'201404190507', u'stopAddress': u'Sturenkatu 8', u'arrTime': u'201404190507', u'shortCode': u'2122'}, {u'code': u'1122133', u'name': u'Kulttuuritalo', u'coord': {u'y': 60.188006568166, u'x': 24.944354053651}, u'depTime': u'201404190508', u'stopAddress': u'Sturenkatu 4', u'arrTime': u'201404190508', u'shortCode': u'2124'}, {u'code': u'1112155', u'name': u'Wallininkatu', u'coord': {u'y': 60.18566520643, u'x': 24.942899036386}, u'depTime': u'201404190509', u'stopAddress': u'Alppikatu 8', u'arrTime': u'201404190509', u'shortCode': u'2126'}, {u'code': u'1112153', u'name': u'Kuntatalo', u'coord': {u'y': 60.184203936892, u'x': 24.941379300715}, u'depTime': u'201404190509', u'stopAddress': u'Toinen linja 14', u'arrTime': u'201404190509', u'shortCode': u'2128'}, {u'code': u'1112105', u'name': u'Castr\xe9ninkatu', u'coord': {u'y': 60.18271551836, u'x': 24.944941069955}, u'depTime': u'201404190510', u'stopAddress': u'Toinen linja', u'arrTime': u'201404190510', u'shortCode': u'0228'}, {u'code': u'1112103', u'name': u'Kallion virastotalo', u'coord': {u'y': 60.181589707262, u'x': 24.947990358321}, u'depTime': u'201404190511', u'stopAddress': u'Toinen linja', u'arrTime': u'201404190511', u'shortCode': u'0226'}, {u'code': u'1111114', u'name': u'Hakaniemi', u'coord': {u'y': 60.178892378853, u'x': 24.949876795989}, u'depTime': u'201404190511', u'stopAddress': u'Siltasaarenkatu 14', u'arrTime': u'201404190511', u'shortCode': u'2402'}], u'length': 2315, u'code': u'1103N 1', u'type': u'22'}, {u'duration': 251.34, u'locs': [{u'code': u'1111114', u'name': u'Hakaniemi', u'coord': {u'y': 60.178892378853, u'x': 24.949876795989}, u'depTime': u'201404190511', u'stopAddress': u'Siltasaarenkatu 14', u'arrTime': u'201404190511', u'shortCode': u'2402'}, {u'arrTime': u'201404190511', u'name': u'Siltasaarenkatu', u'coord': {u'y': 60.178892229847, u'x': 24.949772277349}, u'depTime': u'201404190511'}, {u'arrTime': u'201404190512', u'name': None, u'coord': {u'y': 60.179673227608, u'x': 24.949760582494}, u'depTime': u'201404190512'}, {u'arrTime': u'201404190512', u'name': u'El\xe4intarhantie', u'coord': {u'y': 60.17968518357, u'x': 24.949595142241}, u'depTime': u'201404190512'}, {u'arrTime': u'201404190513', u'name': None, u'coord': {u'y': 60.179715517839, u'x': 24.948617522847}, u'depTime': u'201404190513'}, {u'arrTime': u'201404190513', u'name': u'El\xe4intarhantie', u'coord': {u'y': 60.179811052595, u'x': 24.94831213147}, u'depTime': u'201404190513'}, {u'arrTime': u'201404190514', u'name': u'El\xe4intarhantie', u'coord': {u'y': 60.18033931877, u'x': 24.947240720584}, u'depTime': u'201404190514'}, {u'arrTime': u'201404190515', u'name': None, u'coord': {u'y': 60.180568247021, u'x': 24.94685806572}, u'depTime': u'201404190515'}], u'length': 300, u'type': u'walk'}]}], [{u'duration': 2160, u'length': 7382.035, u'legs': [{u'duration': 399.12, u'locs': [{u'arrTime': u'201404190526', u'name': None, u'coord': {u'y': 60.187898971867, u'x': 24.935598207355}, u'depTime': u'201404190526'}, {u'arrTime': u'201404190527', u'name': u'Vauhtitie', u'coord': {u'y': 60.187530795197, u'x': 24.935111890843}, u'depTime': u'201404190527'}, {u'arrTime': u'201404190527', u'name': None, u'coord': {u'y': 60.187332165171, u'x': 24.935021529962}, u'depTime': u'201404190527'}, {u'arrTime': u'201404190527', u'name': u'Vauhtitie', u'coord': {u'y': 60.187169021422, u'x': 24.9347357149}, u'depTime': u'201404190527'}, {u'arrTime': u'201404190528', u'name': None, u'coord': {u'y': 60.18656332988, u'x': 24.934199416024}, u'depTime': u'201404190528'}, {u'arrTime': u'201404190531', u'name': u'Vauhtitie', u'coord': {u'y': 60.18515275072, u'x': 24.933115820821}, u'depTime': u'201404190531'}, {u'arrTime': u'201404190531', u'name': u'Vauhtitie', u'coord': {u'y': 60.185073432647, u'x': 24.93265218074}, u'depTime': u'201404190531'}, {u'arrTime': u'201404190532', u'name': u'Hammarskj\xf6ldintie', u'coord': {u'y': 60.184949308527, u'x': 24.931922335388}, u'depTime': u'201404190532'}, {u'arrTime': u'201404190533', u'name': u'Helsinginkatu', u'coord': {u'y': 60.184606303928, u'x': 24.931939652969}, u'depTime': u'201404190533'}, {u'arrTime': u'201404190533', u'name': None, u'coord': {u'y': 60.184506134659, u'x': 24.931888153935}, u'depTime': u'201404190533'}, {u'code': u'1140453', u'name': u'Kaupunginpuutarha', u'coord': {u'y': 60.184495859355, u'x': 24.931817574195}, u'depTime': u'201404190533', u'stopAddress': u'Helsinginkatu', u'arrTime': u'201404190533', u'shortCode': u'0244'}], u'length': 482, u'type': u'walk'}, {u'duration': 720, u'locs': [{u'code': u'1140453', u'name': u'Kaupunginpuutarha', u'coord': {u'y': 60.184495859355, u'x': 24.931817574195}, u'depTime': u'201404190533', u'stopAddress': u'Helsinginkatu', u'arrTime': u'201404190533', u'shortCode': u'0244'}, {u'code': u'1140451', u'name': u'Ooppera', u'coord': {u'y': 60.182251787331, u'x': 24.927987522869}, u'depTime': u'201404190534', u'stopAddress': u'Helsinginkatu', u'arrTime': u'201404190534', u'shortCode': u'0242'}, {u'code': u'1140449', u'name': u'T\xf6\xf6l\xf6ntori', u'coord': {u'y': 60.179554309504, u'x': 24.92351456304}, u'depTime': u'201404190535', u'stopAddress': u'Runeberginkatu 46', u'arrTime': u'201404190535', u'shortCode': u'0210'}, {u'code': u'1130443', u'name': u'Apollonkatu', u'coord': {u'y': 60.176242992721, u'x': 24.922106309093}, u'depTime': u'201404190537', u'stopAddress': u'Runeberginkatu 32', u'arrTime': u'201404190537', u'shortCode': u'0208'}, {u'code': u'1130447', u'name': u'Caloniuksenkatu', u'coord': {u'y': 60.173435864876, u'x': 24.919181031071}, u'depTime': u'201404190539', u'stopAddress': u'Mechelininkatu 20', u'arrTime': u'201404190539', u'shortCode': u'0222'}, {u'code': u'1130445', u'name': u'Perhonkatu', u'coord': {u'y': 60.17054575795, u'x': 24.920451455078}, u'depTime': u'201404190540', u'stopAddress': u'Mechelininkatu 4', u'arrTime': u'201404190540', u'shortCode': u'0220'}, {u'code': u'1040481', u'name': u'Marian sairaala', u'coord': {u'y': 60.167310147812, u'x': 24.921063506414}, u'depTime': u'201404190542', u'stopAddress': u'Mechelininkatu', u'arrTime': u'201404190542', u'shortCode': u'0218'}, {u'code': u'1201430', u'name': u'It\xe4merenkatu', u'coord': {u'y': 60.16369179808, u'x': 24.919917628996}, u'depTime': u'201404190544', u'stopAddress': u'It\xe4merenkatu 5', u'arrTime': u'201404190544', u'shortCode': u'0216'}, {u'code': u'1201432', u'name': u'Ruoholahti(M)', u'coord': {u'y': 60.163489476555, u'x': 24.914130382741}, u'depTime': u'201404190545', u'stopAddress': u'It\xe4merenkatu 14', u'arrTime': u'201404190545', u'shortCode': u'0214'}], u'length': 3150, u'code': u'1008 42', u'type': u'2'}, {u'duration': 102.9, u'locs': [{u'code': u'1201432', u'name': u'Ruoholahti(M)', u'coord': {u'y': 60.163489476555, u'x': 24.914130382741}, u'depTime': u'201404190545', u'stopAddress': u'It\xe4merenkatu 14', u'arrTime': u'201404190545', u'shortCode': u'0214'}, {u'arrTime': u'201404190545', u'name': u'It\xe4merentori', u'coord': {u'y': 60.163819814264, u'x': 24.914517792757}, u'depTime': u'201404190545'}, {u'arrTime': u'201404190546', u'name': u'Porkkalankatu', u'coord': {u'y': 60.164281800209, u'x': 24.914427958438}, u'depTime': u'201404190546'}, {u'code': u'1201130', u'name': u'L\xe4nsiv\xe4yl\xe4', u'coord': {u'y': 60.164280082308, u'x': 24.914026251585}, u'depTime': u'201404190550', u'stopAddress': u'Porkkalankatu', u'arrTime': u'201404190546', u'shortCode': u'1014'}], u'length': 120, u'type': u'walk'}, {u'duration': 480, u'locs': [{u'code': u'1201130', u'name': u'L\xe4nsiv\xe4yl\xe4', u'coord': {u'y': 60.164280082308, u'x': 24.914026251585}, u'depTime': u'201404190550', u'stopAddress': u'Porkkalankatu', u'arrTime': u'201404190546', u'shortCode': u'1014'}, {u'code': u'1040162', u'name': u'Ruoholahdenkatu', u'coord': {u'y': 60.165251158755, u'x': 24.926715764221}, u'depTime': u'201404190552', u'stopAddress': u'Ruoholahdenkatu', u'arrTime': u'201404190552', u'shortCode': u'1218'}, {u'code': u'1040196', u'name': u'Kampintori', u'coord': {u'y': 60.168281838501, u'x': 24.932295303516}, u'depTime': u'201404190553', u'stopAddress': u'Urho Kekkosen katu', u'arrTime': u'201404190553', u'shortCode': u'1216'}, {u'code': u'1040116', u'name': u'Simonkatu', u'coord': {u'y': 60.168689511829, u'x': 24.93558541258}, u'depTime': u'201404190554', u'stopAddress': u'Simonkatu 12', u'arrTime': u'201404190554', u'shortCode': u'0232'}, {u'code': u'1020140', u'name': u'Kaivokatu', u'coord': {u'y': 60.170160185808, u'x': 24.939590490531}, u'depTime': u'201404190554', u'stopAddress': u'Kaivokatu 12', u'arrTime': u'201404190554', u'shortCode': u'2055'}, {u'code': u'1020134', u'name': u'Rautatientori', u'coord': {u'y': 60.170329094752, u'x': 24.943612657428}, u'depTime': u'201404190555', u'stopAddress': u'Kaivokatu 4', u'arrTime': u'201404190555', u'shortCode': u'2057'}, {u'code': u'1020105', u'name': u'Kaisaniemi', u'coord': {u'y': 60.174973315247, u'x': 24.950646539894}, u'depTime': u'201404190557', u'stopAddress': u'Unioninkatu 43', u'arrTime': u'201404190557', u'shortCode': u'2061'}, {u'code': u'1111142', u'name': u'Hakaniemi', u'coord': {u'y': 60.179012982624, u'x': 24.950583048952}, u'depTime': u'201404190558', u'stopAddress': u'Siltasaarenkatu', u'arrTime': u'201404190558', u'shortCode': u'2401'}], u'length': 3300, u'code': u'1065A 1', u'type': u'1'}, {u'duration': 272.88, u'locs': [{u'code': u'1111142', u'name': u'Hakaniemi', u'coord': {u'y': 60.179012982624, u'x': 24.950583048952}, u'depTime': u'201404190558', u'stopAddress': u'Siltasaarenkatu', u'arrTime': u'201404190558', u'shortCode': u'2401'}, {u'arrTime': u'201404190559', u'name': None, u'coord': {u'y': 60.179682816972, u'x': 24.950551943762}, u'depTime': u'201404190559'}, {u'arrTime': u'201404190559', u'name': u'El\xe4intarhantie', u'coord': {u'y': 60.17968518357, u'x': 24.949595142241}, u'depTime': u'201404190559'}, {u'arrTime': u'201404190600', u'name': None, u'coord': {u'y': 60.179715517839, u'x': 24.948617522847}, u'depTime': u'201404190600'}, {u'arrTime': u'201404190600', u'name': u'El\xe4intarhantie', u'coord': {u'y': 60.179811052595, u'x': 24.94831213147}, u'depTime': u'201404190600'}, {u'arrTime': u'201404190602', u'name': u'El\xe4intarhantie', u'coord': {u'y': 60.18033931877, u'x': 24.947240720584}, u'depTime': u'201404190602'}, {u'arrTime': u'201404190602', u'name': None, u'coord': {u'y': 60.180568247021, u'x': 24.94685806572}, u'depTime': u'201404190602'}], u'length': 328, u'type': u'walk'}]}], [{u'duration': 960, u'length': 2230.831, u'legs': [{u'duration': 618.48, u'locs': [{u'arrTime': u'201404190534', u'name': None, u'coord': {u'y': 60.187898971867, u'x': 24.935598207355}, u'depTime': u'201404190534'}, {u'arrTime': u'201404190535', u'name': None, u'coord': {u'y': 60.188173930964, u'x': 24.93631980888}, u'depTime': u'201404190535'}, {u'arrTime': u'201404190535', u'name': None, u'coord': {u'y': 60.18811714597, u'x': 24.93648041506}, u'depTime': u'201404190535'}, {u'arrTime': u'201404190539', u'name': u'Helsinginkatu', u'coord': {u'y': 60.18575225651, u'x': 24.936948387049}, u'depTime': u'201404190539'}, {u'arrTime': u'201404190540', u'name': u'Helsinginkatu', u'coord': {u'y': 60.185669946486, u'x': 24.937672385507}, u'depTime': u'201404190540'}, {u'arrTime': u'201404190542', u'name': None, u'coord': {u'y': 60.186037769625, u'x': 24.940108846712}, u'depTime': u'201404190542'}, {u'arrTime': u'201404190542', u'name': u'Helsinginkatu', u'coord': {u'y': 60.185855737497, u'x': 24.940209983207}, u'depTime': u'201404190542'}, {u'arrTime': u'201404190542', u'name': u'Kolmas linja', u'coord': {u'y': 60.185880778969, u'x': 24.940349480017}, u'depTime': u'201404190542'}, {u'arrTime': u'201404190544', u'name': u'Alppikatu', u'coord': {u'y': 60.185331240694, u'x': 24.941770221947}, u'depTime': u'201404190544'}, {u'code': u'1112155', u'name': u'Wallininkatu', u'coord': {u'y': 60.18566520643, u'x': 24.942899036386}, u'depTime': u'201404190545', u'stopAddress': u'Alppikatu 8', u'arrTime': u'201404190545', u'shortCode': u'2126'}], u'length': 752, u'type': u'walk'}, {u'duration': 120, u'locs': [{u'code': u'1112155', u'name': u'Wallininkatu', u'coord': {u'y': 60.18566520643, u'x': 24.942899036386}, u'depTime': u'201404190545', u'stopAddress': u'Alppikatu 8', u'arrTime': u'201404190545', u'shortCode': u'2126'}, {u'code': u'1112153', u'name': u'Kuntatalo', u'coord': {u'y': 60.184203936892, u'x': 24.941379300715}, u'depTime': u'201404190545', u'stopAddress': u'Toinen linja 14', u'arrTime': u'201404190545', u'shortCode': u'2128'}, {u'code': u'1112105', u'name': u'Castr\xe9ninkatu', u'coord': {u'y': 60.18271551836, u'x': 24.944941069955}, u'depTime': u'201404190546', u'stopAddress': u'Toinen linja', u'arrTime': u'201404190546', u'shortCode': u'0228'}, {u'code': u'1112103', u'name': u'Kallion virastotalo', u'coord': {u'y': 60.181589707262, u'x': 24.947990358321}, u'depTime': u'201404190546', u'stopAddress': u'Toinen linja', u'arrTime': u'201404190546', u'shortCode': u'0226'}, {u'code': u'1111114', u'name': u'Hakaniemi', u'coord': {u'y': 60.178892378853, u'x': 24.949876795989}, u'depTime': u'201404190547', u'stopAddress': u'Siltasaarenkatu 14', u'arrTime': u'201404190547', u'shortCode': u'2402'}], u'length': 1177, u'code': u'1023N 2', u'type': u'1'}, {u'duration': 251.34, u'locs': [{u'code': u'1111114', u'name': u'Hakaniemi', u'coord': {u'y': 60.178892378853, u'x': 24.949876795989}, u'depTime': u'201404190547', u'stopAddress': u'Siltasaarenkatu 14', u'arrTime': u'201404190547', u'shortCode': u'2402'}, {u'arrTime': u'201404190547', u'name': u'Siltasaarenkatu', u'coord': {u'y': 60.178892229847, u'x': 24.949772277349}, u'depTime': u'201404190547'}, {u'arrTime': u'201404190548', u'name': None, u'coord': {u'y': 60.179673227608, u'x': 24.949760582494}, u'depTime': u'201404190548'}, {u'arrTime': u'201404190548', u'name': u'El\xe4intarhantie', u'coord': {u'y': 60.17968518357, u'x': 24.949595142241}, u'depTime': u'201404190548'}, {u'arrTime': u'201404190549', u'name': None, u'coord': {u'y': 60.179715517839, u'x': 24.948617522847}, u'depTime': u'201404190549'}, {u'arrTime': u'201404190549', u'name': u'El\xe4intarhantie', u'coord': {u'y': 60.179811052595, u'x': 24.94831213147}, u'depTime': u'201404190549'}, {u'arrTime': u'201404190550', u'name': u'El\xe4intarhantie', u'coord': {u'y': 60.18033931877, u'x': 24.947240720584}, u'depTime': u'201404190550'}, {u'arrTime': u'201404190551', u'name': None, u'coord': {u'y': 60.180568247021, u'x': 24.94685806572}, u'depTime': u'201404190551'}], u'length': 300, u'type': u'walk'}]}]]
1,22
time=0:26:10, km=5.35260, speed=12.27
saved 0:26:10 

time=0:21:07, km=3.39888, speed=9.66
saved 0:21:07 

time=0:32:22, km=15.46435, speed=28.67
saved 0:32:22 

time=1:53:21, km=10.01475, speed=5.30
saved 1:53:21 

time=1:45:36, km=8.67398, speed=4.93
saved 1:45:36 

time=1:42:37, km=5.30314, speed=3.10
saved 1:42:37 

time=1:02:09, km=19.16223, speed=18.50
saved 1:02:09 

places = 0
Point Huopalahdentie 14, Helsinki (Huopalahdentie 14, Helsinki (UN), 24
)
Point Huopalahdentie 14, Helsinki (Huopalahdentie 14, Helsinki (UN), 24
)
search 2014-05-23 11:55:05 - 2014-05-23 16:45:55 (116680747303909540102)

Point Huopalahdentie 14, Helsinki (Huopalahdentie 14, Helsinki (UN), 24
)
Point Huopalahdentie 14, Helsinki (Huopalahdentie 14, Helsinki (UN), 24
)
search 2014-05-23 12:16:47 - 2014-05-23 16:45:55 (116680747303909540102)

